<?xml version="1.0" encoding="UTF-8"?>
<testng-results skipped="0" failed="0" ignored="0" total="0" passed="0">
  <reporter-output>
  </reporter-output>
  <suite name="TestRunner" duration-ms="10" started-at="2022-05-18T20:33:43 EDT" finished-at="2022-05-18T20:33:43 EDT">
    <groups>
    </groups>
    <test name="Command line test" duration-ms="10" started-at="2022-05-18T20:33:43 EDT" finished-at="2022-05-18T20:33:43 EDT">
    </test> <!-- Command line test -->
  </suite> <!-- TestRunner -->
</testng-results>
